<?xml version="1.0" encoding="UTF-8"?>
<!-- Generated by org.testng.reporters.JUnitReportReporter -->
<testsuite hostname="MSI" failures="0" tests="2" name="TestNG.DataProviderClass" time="14.004" errors="0" timestamp="2023-03-07T22:43:41 IST" skipped="0">
  <testcase classname="TestNG.DataProviderClass" name="Open" time="8.043"/>
  <system-out/>
  <testcase classname="TestNG.DataProviderClass" name="Open" time="5.961"/>
  <system-out/>
</testsuite> <!-- TestNG.DataProviderClass -->
