<?xml version="1.0" encoding="UTF-8"?>
<!-- Generated by org.testng.reporters.JUnitReportReporter -->
<testsuite hostname="MSI" failures="0" tests="3" name="excel.basic" time="13.796" errors="0" timestamp="2023-05-01T23:53:24 IST" skipped="0">
  <testcase classname="excel.basic" name="testlogin" time="4.279"/>
  <system-out/>
  <testcase classname="excel.basic" name="testlogin" time="4.348"/>
  <system-out/>
  <testcase classname="excel.basic" name="testlogin" time="5.169"/>
  <system-out/>
</testsuite> <!-- excel.basic -->
