<?xml version="1.0" encoding="UTF-8"?>
<!-- Generated by org.testng.reporters.JUnitReportReporter -->
<testsuite hostname="MSI" failures="0" tests="3" name="TestNG.TestNG_Anno" time="17.998" errors="0" timestamp="2022-09-22T19:28:23 IST" skipped="0">
  <testcase classname="TestNG.TestNG_Anno" name="first" time="5.638"/>
  <system-out/>
  <testcase classname="TestNG.TestNG_Anno" name="Secon" time="10.162"/>
  <system-out/>
  <testcase classname="TestNG.TestNG_Anno" name="third" time="2.198"/>
  <system-out/>
</testsuite> <!-- TestNG.TestNG_Anno -->
