<?xml version="1.0" encoding="UTF-8"?>
<!-- Generated by org.testng.reporters.JUnitReportReporter -->
<testsuite hostname="MSI" failures="0" tests="2" name="DataProvider.DataProvider_1" time="0.006" errors="0" timestamp="2023-03-09T13:13:07 IST" skipped="0">
  <testcase classname="DataProvider.DataProvider_1" name="test" time="0.005"/>
  <system-out/>
  <testcase classname="DataProvider.DataProvider_1" name="test" time="0.001"/>
  <system-out/>
</testsuite> <!-- DataProvider.DataProvider_1 -->
